  main.cpp
D:\projects\OpenCVPassthrough\OpenCVPassthrough\main.cpp(354,56): warning C4244: “参数”: 从“double”转换到“_Tp”，可能丢失数据
D:\projects\OpenCVPassthrough\OpenCVPassthrough\main.cpp(354,56): warning C4244:         with
D:\projects\OpenCVPassthrough\OpenCVPassthrough\main.cpp(354,56): warning C4244:         [
D:\projects\OpenCVPassthrough\OpenCVPassthrough\main.cpp(354,56): warning C4244:             _Tp=int
D:\projects\OpenCVPassthrough\OpenCVPassthrough\main.cpp(354,56): warning C4244:         ]
D:\projects\OpenCVPassthrough\OpenCVPassthrough\main.cpp(354,31): warning C4244: “参数”: 从“double”转换到“_Tp”，可能丢失数据
D:\projects\OpenCVPassthrough\OpenCVPassthrough\main.cpp(354,31): warning C4244:         with
D:\projects\OpenCVPassthrough\OpenCVPassthrough\main.cpp(354,31): warning C4244:         [
D:\projects\OpenCVPassthrough\OpenCVPassthrough\main.cpp(354,31): warning C4244:             _Tp=int
D:\projects\OpenCVPassthrough\OpenCVPassthrough\main.cpp(354,31): warning C4244:         ]
D:\projects\OpenCVPassthrough\OpenCVPassthrough\main.cpp(359,63): warning C4244: “参数”: 从“double”转换到“_Tp”，可能丢失数据
D:\projects\OpenCVPassthrough\OpenCVPassthrough\main.cpp(359,63): warning C4244:         with
D:\projects\OpenCVPassthrough\OpenCVPassthrough\main.cpp(359,63): warning C4244:         [
D:\projects\OpenCVPassthrough\OpenCVPassthrough\main.cpp(359,63): warning C4244:             _Tp=int
D:\projects\OpenCVPassthrough\OpenCVPassthrough\main.cpp(359,63): warning C4244:         ]
D:\projects\OpenCVPassthrough\OpenCVPassthrough\main.cpp(359,39): warning C4244: “参数”: 从“double”转换到“_Tp”，可能丢失数据
D:\projects\OpenCVPassthrough\OpenCVPassthrough\main.cpp(359,39): warning C4244:         with
D:\projects\OpenCVPassthrough\OpenCVPassthrough\main.cpp(359,39): warning C4244:         [
D:\projects\OpenCVPassthrough\OpenCVPassthrough\main.cpp(359,39): warning C4244:             _Tp=int
D:\projects\OpenCVPassthrough\OpenCVPassthrough\main.cpp(359,39): warning C4244:         ]
D:\projects\OpenCVPassthrough\OpenCVPassthrough\main.cpp(344,16): warning C4101: “axisp”: 未引用的局部变量
D:\projects\OpenCVPassthrough\OpenCVPassthrough\main.cpp(347,23): warning C4101: “pidp”: 未引用的局部变量
D:\projects\OpenCVPassthrough\OpenCVPassthrough\main.cpp(347,16): warning C4101: “angle”: 未引用的局部变量
  OpenCVPassthrough.vcxproj -> D:\projects\OpenCVPassthrough\x64\Debug\OpenCVPassthrough.exe
