Performing C SOURCE FILE Test CMAKE_HAVE_LIBC_PTHREAD failed with the following output:
Change Dir: /home/handle/loongson/ABI1/cvpass/build/CMakeFiles/CMakeTmp

Run Build Command(s):/usr/bin/gmake -f Makefile cmTC_9a562/fast && /usr/bin/gmake  -f CMakeFiles/cmTC_9a562.dir/build.make CMakeFiles/cmTC_9a562.dir/build
gmake[1]: Entering directory '/home/handle/loongson/ABI1/cvpass/build/CMakeFiles/CMakeTmp'
Building C object CMakeFiles/cmTC_9a562.dir/src.c.o
/opt/loongarch64-gnu-gcc-ABI1/bin/loongarch64-linux-gnu-gcc -DCMAKE_HAVE_LIBC_PTHREAD   -o CMakeFiles/cmTC_9a562.dir/src.c.o -c /home/handle/loongson/ABI1/cvpass/build/CMakeFiles/CMakeTmp/src.c
Linking C executable cmTC_9a562
/usr/bin/cmake -E cmake_link_script CMakeFiles/cmTC_9a562.dir/link.txt --verbose=1
/opt/loongarch64-gnu-gcc-ABI1/bin/loongarch64-linux-gnu-gcc CMakeFiles/cmTC_9a562.dir/src.c.o -o cmTC_9a562 
/opt/loongarch64-gnu-gcc-ABI1/bin/../lib/gcc/loongarch64-linux-gnu/8.3.0/../../../../loongarch64-linux-gnu/bin/ld: CMakeFiles/cmTC_9a562.dir/src.c.o: in function `main':
src.c:(.text+0x4c): undefined reference to `pthread_create'
/opt/loongarch64-gnu-gcc-ABI1/bin/../lib/gcc/loongarch64-linux-gnu/8.3.0/../../../../loongarch64-linux-gnu/bin/ld: src.c:(.text+0x58): undefined reference to `pthread_detach'
/opt/loongarch64-gnu-gcc-ABI1/bin/../lib/gcc/loongarch64-linux-gnu/8.3.0/../../../../loongarch64-linux-gnu/bin/ld: src.c:(.text+0x64): undefined reference to `pthread_cancel'
/opt/loongarch64-gnu-gcc-ABI1/bin/../lib/gcc/loongarch64-linux-gnu/8.3.0/../../../../loongarch64-linux-gnu/bin/ld: src.c:(.text+0x74): undefined reference to `pthread_join'
collect2: error: ld returned 1 exit status
gmake[1]: *** [CMakeFiles/cmTC_9a562.dir/build.make:99: cmTC_9a562] Error 1
gmake[1]: Leaving directory '/home/handle/loongson/ABI1/cvpass/build/CMakeFiles/CMakeTmp'
gmake: *** [Makefile:127: cmTC_9a562/fast] Error 2


Source file was:
#include <pthread.h>

static void* test_func(void* data)
{
  return data;
}

int main(void)
{
  pthread_t thread;
  pthread_create(&thread, NULL, test_func, NULL);
  pthread_detach(thread);
  pthread_cancel(thread);
  pthread_join(thread, NULL);
  pthread_atfork(NULL, NULL, NULL);
  pthread_exit(NULL);

  return 0;
}

Determining if the function pthread_create exists in the pthreads failed with the following output:
Change Dir: /home/handle/loongson/ABI1/cvpass/build/CMakeFiles/CMakeTmp

Run Build Command(s):/usr/bin/gmake -f Makefile cmTC_3e97f/fast && /usr/bin/gmake  -f CMakeFiles/cmTC_3e97f.dir/build.make CMakeFiles/cmTC_3e97f.dir/build
gmake[1]: Entering directory '/home/handle/loongson/ABI1/cvpass/build/CMakeFiles/CMakeTmp'
Building C object CMakeFiles/cmTC_3e97f.dir/CheckFunctionExists.c.o
/opt/loongarch64-gnu-gcc-ABI1/bin/loongarch64-linux-gnu-gcc   -DCHECK_FUNCTION_EXISTS=pthread_create -o CMakeFiles/cmTC_3e97f.dir/CheckFunctionExists.c.o -c /usr/share/cmake-3.22/Modules/CheckFunctionExists.c
Linking C executable cmTC_3e97f
/usr/bin/cmake -E cmake_link_script CMakeFiles/cmTC_3e97f.dir/link.txt --verbose=1
/opt/loongarch64-gnu-gcc-ABI1/bin/loongarch64-linux-gnu-gcc  -DCHECK_FUNCTION_EXISTS=pthread_create CMakeFiles/cmTC_3e97f.dir/CheckFunctionExists.c.o -o cmTC_3e97f  -lpthreads 
/opt/loongarch64-gnu-gcc-ABI1/bin/../lib/gcc/loongarch64-linux-gnu/8.3.0/../../../../loongarch64-linux-gnu/bin/ld: cannot find -lpthreads
collect2: error: ld returned 1 exit status
gmake[1]: *** [CMakeFiles/cmTC_3e97f.dir/build.make:99: cmTC_3e97f] Error 1
gmake[1]: Leaving directory '/home/handle/loongson/ABI1/cvpass/build/CMakeFiles/CMakeTmp'
gmake: *** [Makefile:127: cmTC_3e97f/fast] Error 2



Performing C SOURCE FILE Test CMAKE_HAVE_LIBC_PTHREAD failed with the following output:
Change Dir: /home/handle/loongson/ABI1/cvpass/build/CMakeFiles/CMakeTmp

Run Build Command(s):/usr/bin/gmake -f Makefile cmTC_86e97/fast && /usr/bin/gmake  -f CMakeFiles/cmTC_86e97.dir/build.make CMakeFiles/cmTC_86e97.dir/build
gmake[1]: Entering directory '/home/handle/loongson/ABI1/cvpass/build/CMakeFiles/CMakeTmp'
Building C object CMakeFiles/cmTC_86e97.dir/src.c.o
/opt/loongarch64-gnu-gcc-ABI1/bin/loongarch64-linux-gnu-gcc -DCMAKE_HAVE_LIBC_PTHREAD   -o CMakeFiles/cmTC_86e97.dir/src.c.o -c /home/handle/loongson/ABI1/cvpass/build/CMakeFiles/CMakeTmp/src.c
Linking C executable cmTC_86e97
/usr/bin/cmake -E cmake_link_script CMakeFiles/cmTC_86e97.dir/link.txt --verbose=1
/opt/loongarch64-gnu-gcc-ABI1/bin/loongarch64-linux-gnu-gcc CMakeFiles/cmTC_86e97.dir/src.c.o -o cmTC_86e97 
/opt/loongarch64-gnu-gcc-ABI1/bin/../lib/gcc/loongarch64-linux-gnu/8.3.0/../../../../loongarch64-linux-gnu/bin/ld: CMakeFiles/cmTC_86e97.dir/src.c.o: in function `main':
src.c:(.text+0x4c): undefined reference to `pthread_create'
/opt/loongarch64-gnu-gcc-ABI1/bin/../lib/gcc/loongarch64-linux-gnu/8.3.0/../../../../loongarch64-linux-gnu/bin/ld: src.c:(.text+0x58): undefined reference to `pthread_detach'
/opt/loongarch64-gnu-gcc-ABI1/bin/../lib/gcc/loongarch64-linux-gnu/8.3.0/../../../../loongarch64-linux-gnu/bin/ld: src.c:(.text+0x64): undefined reference to `pthread_cancel'
/opt/loongarch64-gnu-gcc-ABI1/bin/../lib/gcc/loongarch64-linux-gnu/8.3.0/../../../../loongarch64-linux-gnu/bin/ld: src.c:(.text+0x74): undefined reference to `pthread_join'
collect2: error: ld returned 1 exit status
gmake[1]: *** [CMakeFiles/cmTC_86e97.dir/build.make:99: cmTC_86e97] Error 1
gmake[1]: Leaving directory '/home/handle/loongson/ABI1/cvpass/build/CMakeFiles/CMakeTmp'
gmake: *** [Makefile:127: cmTC_86e97/fast] Error 2


Source file was:
#include <pthread.h>

static void* test_func(void* data)
{
  return data;
}

int main(void)
{
  pthread_t thread;
  pthread_create(&thread, NULL, test_func, NULL);
  pthread_detach(thread);
  pthread_cancel(thread);
  pthread_join(thread, NULL);
  pthread_atfork(NULL, NULL, NULL);
  pthread_exit(NULL);

  return 0;
}

Determining if the function pthread_create exists in the pthreads failed with the following output:
Change Dir: /home/handle/loongson/ABI1/cvpass/build/CMakeFiles/CMakeTmp

Run Build Command(s):/usr/bin/gmake -f Makefile cmTC_3dd01/fast && /usr/bin/gmake  -f CMakeFiles/cmTC_3dd01.dir/build.make CMakeFiles/cmTC_3dd01.dir/build
gmake[1]: Entering directory '/home/handle/loongson/ABI1/cvpass/build/CMakeFiles/CMakeTmp'
Building C object CMakeFiles/cmTC_3dd01.dir/CheckFunctionExists.c.o
/opt/loongarch64-gnu-gcc-ABI1/bin/loongarch64-linux-gnu-gcc   -DCHECK_FUNCTION_EXISTS=pthread_create -o CMakeFiles/cmTC_3dd01.dir/CheckFunctionExists.c.o -c /usr/share/cmake-3.22/Modules/CheckFunctionExists.c
Linking C executable cmTC_3dd01
/usr/bin/cmake -E cmake_link_script CMakeFiles/cmTC_3dd01.dir/link.txt --verbose=1
/opt/loongarch64-gnu-gcc-ABI1/bin/loongarch64-linux-gnu-gcc  -DCHECK_FUNCTION_EXISTS=pthread_create CMakeFiles/cmTC_3dd01.dir/CheckFunctionExists.c.o -o cmTC_3dd01  -lpthreads 
/opt/loongarch64-gnu-gcc-ABI1/bin/../lib/gcc/loongarch64-linux-gnu/8.3.0/../../../../loongarch64-linux-gnu/bin/ld: cannot find -lpthreads
collect2: error: ld returned 1 exit status
gmake[1]: *** [CMakeFiles/cmTC_3dd01.dir/build.make:99: cmTC_3dd01] Error 1
gmake[1]: Leaving directory '/home/handle/loongson/ABI1/cvpass/build/CMakeFiles/CMakeTmp'
gmake: *** [Makefile:127: cmTC_3dd01/fast] Error 2



Performing C SOURCE FILE Test CMAKE_HAVE_LIBC_PTHREAD failed with the following output:
Change Dir: /home/handle/loongson/ABI1/cvpass/build/CMakeFiles/CMakeTmp

Run Build Command(s):/usr/bin/gmake -f Makefile cmTC_d4798/fast && /usr/bin/gmake  -f CMakeFiles/cmTC_d4798.dir/build.make CMakeFiles/cmTC_d4798.dir/build
gmake[1]: Entering directory '/home/handle/loongson/ABI1/cvpass/build/CMakeFiles/CMakeTmp'
Building C object CMakeFiles/cmTC_d4798.dir/src.c.o
/opt/loongarch64-gnu-gcc-ABI1/bin/loongarch64-linux-gnu-gcc -DCMAKE_HAVE_LIBC_PTHREAD   -o CMakeFiles/cmTC_d4798.dir/src.c.o -c /home/handle/loongson/ABI1/cvpass/build/CMakeFiles/CMakeTmp/src.c
Linking C executable cmTC_d4798
/usr/bin/cmake -E cmake_link_script CMakeFiles/cmTC_d4798.dir/link.txt --verbose=1
/opt/loongarch64-gnu-gcc-ABI1/bin/loongarch64-linux-gnu-gcc CMakeFiles/cmTC_d4798.dir/src.c.o -o cmTC_d4798 
/opt/loongarch64-gnu-gcc-ABI1/bin/../lib/gcc/loongarch64-linux-gnu/8.3.0/../../../../loongarch64-linux-gnu/bin/ld: CMakeFiles/cmTC_d4798.dir/src.c.o: in function `main':
src.c:(.text+0x4c): undefined reference to `pthread_create'
/opt/loongarch64-gnu-gcc-ABI1/bin/../lib/gcc/loongarch64-linux-gnu/8.3.0/../../../../loongarch64-linux-gnu/bin/ld: src.c:(.text+0x58): undefined reference to `pthread_detach'
/opt/loongarch64-gnu-gcc-ABI1/bin/../lib/gcc/loongarch64-linux-gnu/8.3.0/../../../../loongarch64-linux-gnu/bin/ld: src.c:(.text+0x64): undefined reference to `pthread_cancel'
/opt/loongarch64-gnu-gcc-ABI1/bin/../lib/gcc/loongarch64-linux-gnu/8.3.0/../../../../loongarch64-linux-gnu/bin/ld: src.c:(.text+0x74): undefined reference to `pthread_join'
collect2: error: ld returned 1 exit status
gmake[1]: *** [CMakeFiles/cmTC_d4798.dir/build.make:99: cmTC_d4798] Error 1
gmake[1]: Leaving directory '/home/handle/loongson/ABI1/cvpass/build/CMakeFiles/CMakeTmp'
gmake: *** [Makefile:127: cmTC_d4798/fast] Error 2


Source file was:
#include <pthread.h>

static void* test_func(void* data)
{
  return data;
}

int main(void)
{
  pthread_t thread;
  pthread_create(&thread, NULL, test_func, NULL);
  pthread_detach(thread);
  pthread_cancel(thread);
  pthread_join(thread, NULL);
  pthread_atfork(NULL, NULL, NULL);
  pthread_exit(NULL);

  return 0;
}

Determining if the function pthread_create exists in the pthreads failed with the following output:
Change Dir: /home/handle/loongson/ABI1/cvpass/build/CMakeFiles/CMakeTmp

Run Build Command(s):/usr/bin/gmake -f Makefile cmTC_020e3/fast && /usr/bin/gmake  -f CMakeFiles/cmTC_020e3.dir/build.make CMakeFiles/cmTC_020e3.dir/build
gmake[1]: Entering directory '/home/handle/loongson/ABI1/cvpass/build/CMakeFiles/CMakeTmp'
Building C object CMakeFiles/cmTC_020e3.dir/CheckFunctionExists.c.o
/opt/loongarch64-gnu-gcc-ABI1/bin/loongarch64-linux-gnu-gcc   -DCHECK_FUNCTION_EXISTS=pthread_create -o CMakeFiles/cmTC_020e3.dir/CheckFunctionExists.c.o -c /usr/share/cmake-3.22/Modules/CheckFunctionExists.c
Linking C executable cmTC_020e3
/usr/bin/cmake -E cmake_link_script CMakeFiles/cmTC_020e3.dir/link.txt --verbose=1
/opt/loongarch64-gnu-gcc-ABI1/bin/loongarch64-linux-gnu-gcc  -DCHECK_FUNCTION_EXISTS=pthread_create CMakeFiles/cmTC_020e3.dir/CheckFunctionExists.c.o -o cmTC_020e3  -lpthreads 
/opt/loongarch64-gnu-gcc-ABI1/bin/../lib/gcc/loongarch64-linux-gnu/8.3.0/../../../../loongarch64-linux-gnu/bin/ld: cannot find -lpthreads
collect2: error: ld returned 1 exit status
gmake[1]: *** [CMakeFiles/cmTC_020e3.dir/build.make:99: cmTC_020e3] Error 1
gmake[1]: Leaving directory '/home/handle/loongson/ABI1/cvpass/build/CMakeFiles/CMakeTmp'
gmake: *** [Makefile:127: cmTC_020e3/fast] Error 2



